<?xml version="1.0" encoding="UTF-8"?>
<testng-results skipped="1" failed="1" ignored="0" total="3" passed="1">
  <reporter-output>
  </reporter-output>
  <suite name="Default suite" duration-ms="94" started-at="2019-10-19T18:54:19 IST" finished-at="2019-10-19T18:54:19 IST">
    <groups>
    </groups>
    <test name="Default test" duration-ms="94" started-at="2019-10-19T18:54:19 IST" finished-at="2019-10-19T18:54:19 IST">
      <class name="BasicTestNGAnnotations2.GroupChat1">
        <test-method status="PASS" signature="beforeChatModule()[pri:0, instance:BasicTestNGAnnotations2.GroupChat1@6d7b4f4c]" name="beforeChatModule" is-config="true" duration-ms="0" started-at="2019-10-19T18:54:19 IST" finished-at="2019-10-19T18:54:19 IST">
          <reporter-output>
          </reporter-output>
        </test-method> <!-- beforeChatModule -->
        <test-method status="PASS" signature="beforeClassModule()[pri:0, instance:BasicTestNGAnnotations2.GroupChat1@6d7b4f4c]" name="beforeClassModule" is-config="true" duration-ms="0" started-at="2019-10-19T18:54:19 IST" finished-at="2019-10-19T18:54:19 IST">
          <reporter-output>
          </reporter-output>
        </test-method> <!-- beforeClassModule -->
        <test-method status="PASS" signature="preconditionforTestCase()[pri:0, instance:BasicTestNGAnnotations2.GroupChat1@6d7b4f4c]" name="preconditionforTestCase" is-config="true" duration-ms="0" started-at="2019-10-19T18:54:19 IST" finished-at="2019-10-19T18:54:19 IST">
          <reporter-output>
          </reporter-output>
        </test-method> <!-- preconditionforTestCase -->
        <test-method status="SKIP" signature="Test1()[pri:0, instance:BasicTestNGAnnotations2.GroupChat1@6d7b4f4c]" name="Test1" duration-ms="0" started-at="2019-10-19T18:54:19 IST" finished-at="2019-10-19T18:54:19 IST">
          <exception class="org.testng.SkipException">
            <message>
              <![CDATA[Group Chat Test Case 1]]>
            </message>
            <full-stacktrace>
              <![CDATA[org.testng.SkipException: Group Chat Test Case 1
at BasicTestNGAnnotations2.GroupChat1.Test1(GroupChat1.java:58)
at sun.reflect.NativeMethodAccessorImpl.invoke0(Native Method)
at sun.reflect.NativeMethodAccessorImpl.invoke(Unknown Source)
at sun.reflect.DelegatingMethodAccessorImpl.invoke(Unknown Source)
at java.lang.reflect.Method.invoke(Unknown Source)
at org.testng.internal.MethodInvocationHelper.invokeMethod(MethodInvocationHelper.java:133)
at org.testng.internal.TestInvoker.invokeMethod(TestInvoker.java:584)
at org.testng.internal.TestInvoker.invokeTestMethod(TestInvoker.java:172)
at org.testng.internal.MethodRunner.runInSequence(MethodRunner.java:46)
at org.testng.internal.TestInvoker$MethodInvocationAgent.invoke(TestInvoker.java:804)
at org.testng.internal.TestInvoker.invokeTestMethods(TestInvoker.java:145)
at org.testng.internal.TestMethodWorker.invokeTestMethods(TestMethodWorker.java:146)
at org.testng.internal.TestMethodWorker.run(TestMethodWorker.java:128)
at java.util.ArrayList.forEach(Unknown Source)
at org.testng.TestRunner.privateRun(TestRunner.java:770)
at org.testng.TestRunner.run(TestRunner.java:591)
at org.testng.SuiteRunner.runTest(SuiteRunner.java:402)
at org.testng.SuiteRunner.runSequentially(SuiteRunner.java:396)
at org.testng.SuiteRunner.privateRun(SuiteRunner.java:355)
at org.testng.SuiteRunner.run(SuiteRunner.java:304)
at org.testng.SuiteRunnerWorker.runSuite(SuiteRunnerWorker.java:53)
at org.testng.SuiteRunnerWorker.run(SuiteRunnerWorker.java:96)
at org.testng.TestNG.runSuitesSequentially(TestNG.java:1180)
at org.testng.TestNG.runSuitesLocally(TestNG.java:1102)
at org.testng.TestNG.runSuites(TestNG.java:1032)
at org.testng.TestNG.run(TestNG.java:1000)
at org.testng.remote.AbstractRemoteTestNG.run(AbstractRemoteTestNG.java:115)
at org.testng.remote.RemoteTestNG.initAndRun(RemoteTestNG.java:251)
at org.testng.remote.RemoteTestNG.main(RemoteTestNG.java:77)
]]>
            </full-stacktrace>
          </exception> <!-- org.testng.SkipException -->
          <reporter-output>
          </reporter-output>
        </test-method> <!-- Test1 -->
        <test-method status="PASS" signature="Test3()[pri:0, instance:BasicTestNGAnnotations2.GroupChat1@6d7b4f4c]" name="Test3" duration-ms="16" started-at="2019-10-19T18:54:19 IST" finished-at="2019-10-19T18:54:19 IST">
          <reporter-output>
          </reporter-output>
        </test-method> <!-- Test3 -->
        <test-method status="PASS" signature="postconditionforTestCase()[pri:0, instance:BasicTestNGAnnotations2.GroupChat1@6d7b4f4c]" name="postconditionforTestCase" is-config="true" duration-ms="0" started-at="2019-10-19T18:54:19 IST" finished-at="2019-10-19T18:54:19 IST">
          <reporter-output>
          </reporter-output>
        </test-method> <!-- postconditionforTestCase -->
        <test-method status="PASS" signature="preconditionforTestCase()[pri:0, instance:BasicTestNGAnnotations2.GroupChat1@6d7b4f4c]" name="preconditionforTestCase" is-config="true" duration-ms="0" started-at="2019-10-19T18:54:19 IST" finished-at="2019-10-19T18:54:19 IST">
          <reporter-output>
          </reporter-output>
        </test-method> <!-- preconditionforTestCase -->
        <test-method status="FAIL" signature="Test2()[pri:0, instance:BasicTestNGAnnotations2.GroupChat1@6d7b4f4c]" name="Test2" duration-ms="0" started-at="2019-10-19T18:54:19 IST" finished-at="2019-10-19T18:54:19 IST">
          <exception class="java.lang.ArithmeticException">
            <message>
              <![CDATA[/ by zero]]>
            </message>
            <full-stacktrace>
              <![CDATA[java.lang.ArithmeticException: / by zero
at BasicTestNGAnnotations2.GroupChat1.Test2(GroupChat1.java:66)
at sun.reflect.NativeMethodAccessorImpl.invoke0(Native Method)
at sun.reflect.NativeMethodAccessorImpl.invoke(Unknown Source)
at sun.reflect.DelegatingMethodAccessorImpl.invoke(Unknown Source)
at java.lang.reflect.Method.invoke(Unknown Source)
at org.testng.internal.MethodInvocationHelper.invokeMethod(MethodInvocationHelper.java:133)
at org.testng.internal.TestInvoker.invokeMethod(TestInvoker.java:584)
at org.testng.internal.TestInvoker.invokeTestMethod(TestInvoker.java:172)
at org.testng.internal.MethodRunner.runInSequence(MethodRunner.java:46)
at org.testng.internal.TestInvoker$MethodInvocationAgent.invoke(TestInvoker.java:804)
at org.testng.internal.TestInvoker.invokeTestMethods(TestInvoker.java:145)
at org.testng.internal.TestMethodWorker.invokeTestMethods(TestMethodWorker.java:146)
at org.testng.internal.TestMethodWorker.run(TestMethodWorker.java:128)
at java.util.ArrayList.forEach(Unknown Source)
at org.testng.TestRunner.privateRun(TestRunner.java:770)
at org.testng.TestRunner.run(TestRunner.java:591)
at org.testng.SuiteRunner.runTest(SuiteRunner.java:402)
at org.testng.SuiteRunner.runSequentially(SuiteRunner.java:396)
at org.testng.SuiteRunner.privateRun(SuiteRunner.java:355)
at org.testng.SuiteRunner.run(SuiteRunner.java:304)
at org.testng.SuiteRunnerWorker.runSuite(SuiteRunnerWorker.java:53)
at org.testng.SuiteRunnerWorker.run(SuiteRunnerWorker.java:96)
at org.testng.TestNG.runSuitesSequentially(TestNG.java:1180)
at org.testng.TestNG.runSuitesLocally(TestNG.java:1102)
at org.testng.TestNG.runSuites(TestNG.java:1032)
at org.testng.TestNG.run(TestNG.java:1000)
at org.testng.remote.AbstractRemoteTestNG.run(AbstractRemoteTestNG.java:115)
at org.testng.remote.RemoteTestNG.initAndRun(RemoteTestNG.java:251)
at org.testng.remote.RemoteTestNG.main(RemoteTestNG.java:77)
]]>
            </full-stacktrace>
          </exception> <!-- java.lang.ArithmeticException -->
          <reporter-output>
          </reporter-output>
        </test-method> <!-- Test2 -->
        <test-method status="PASS" signature="postconditionforTestCase()[pri:0, instance:BasicTestNGAnnotations2.GroupChat1@6d7b4f4c]" name="postconditionforTestCase" is-config="true" duration-ms="0" started-at="2019-10-19T18:54:19 IST" finished-at="2019-10-19T18:54:19 IST">
          <reporter-output>
          </reporter-output>
        </test-method> <!-- postconditionforTestCase -->
        <test-method status="PASS" signature="preconditionforTestCase()[pri:0, instance:BasicTestNGAnnotations2.GroupChat1@6d7b4f4c]" name="preconditionforTestCase" is-config="true" duration-ms="0" started-at="2019-10-19T18:54:19 IST" finished-at="2019-10-19T18:54:19 IST">
          <reporter-output>
          </reporter-output>
        </test-method> <!-- preconditionforTestCase -->
        <test-method status="PASS" signature="postconditionforTestCase()[pri:0, instance:BasicTestNGAnnotations2.GroupChat1@6d7b4f4c]" name="postconditionforTestCase" is-config="true" duration-ms="0" started-at="2019-10-19T18:54:19 IST" finished-at="2019-10-19T18:54:19 IST">
          <reporter-output>
          </reporter-output>
        </test-method> <!-- postconditionforTestCase -->
        <test-method status="PASS" signature="afterClassModule()[pri:0, instance:BasicTestNGAnnotations2.GroupChat1@6d7b4f4c]" name="afterClassModule" is-config="true" duration-ms="0" started-at="2019-10-19T18:54:19 IST" finished-at="2019-10-19T18:54:19 IST">
          <reporter-output>
          </reporter-output>
        </test-method> <!-- afterClassModule -->
        <test-method status="PASS" signature="afterChatModule()[pri:0, instance:BasicTestNGAnnotations2.GroupChat1@6d7b4f4c]" name="afterChatModule" is-config="true" duration-ms="0" started-at="2019-10-19T18:54:19 IST" finished-at="2019-10-19T18:54:19 IST">
          <reporter-output>
          </reporter-output>
        </test-method> <!-- afterChatModule -->
      </class> <!-- BasicTestNGAnnotations2.GroupChat1 -->
    </test> <!-- Default test -->
  </suite> <!-- Default suite -->
</testng-results>
